2014-02-24 23:42:14,975 ERROR [main] - org.scala-ide.sdt.core - org.scala-ide.sdt.core - org.scala-ide.sdt.core - 0 - Error during askOption
scala.reflect.internal.FatalError: Unknown type: <error>, <error> [class scala.reflect.internal.Types$ErrorType$, class scala.reflect.internal.Types$ErrorType$] TypeRef? false
	at scala.reflect.internal.SymbolTable.abort(SymbolTable.scala:49)
	at scala.tools.nsc.Global.abort(Global.scala:254)
	at scala.tools.nsc.backend.icode.TypeKinds$class.toTypeKind(TypeKinds.scala:397)
	at scala.tools.nsc.backend.icode.ICodes.toTypeKind(ICodes.scala:20)
	at scala.tools.nsc.backend.icode.TypeKinds$class.scala$tools$nsc$backend$icode$TypeKinds$$arrayOrClassType(TypeKinds.scala:406)
	at scala.tools.nsc.backend.icode.TypeKinds$$anonfun$primitiveOrClassType$1.apply(TypeKinds.scala:433)
	at scala.tools.nsc.backend.icode.TypeKinds$$anonfun$primitiveOrClassType$1.apply(TypeKinds.scala:433)
	at scala.collection.MapLike$class.getOrElse(MapLike.scala:128)
	at scala.collection.AbstractMap.getOrElse(Map.scala:58)
	at scala.tools.nsc.backend.icode.TypeKinds$class.primitiveOrClassType(TypeKinds.scala:433)
	at scala.tools.nsc.backend.icode.TypeKinds$class.toTypeKind(TypeKinds.scala:383)
	at scala.tools.nsc.backend.icode.ICodes.toTypeKind(ICodes.scala:20)
	at scala.tools.nsc.backend.jvm.GenJVMUtil$BytecodeUtil$class.javaType(GenJVMUtil.scala:100)
	at scala.tools.eclipse.JVMUtils$$anon$1.javaType(JVMUtils.scala:15)
	at scala.tools.eclipse.JVMUtils$class.javaType(JVMUtils.scala:38)
	at scala.tools.eclipse.ScalaPresentationCompiler.javaType(ScalaPresentationCompiler.scala:36)
	at scala.tools.eclipse.javaelements.ScalaJavaMapper$class.mapParamTypeSignature(ScalaJavaMapper.scala:232)
	at scala.tools.eclipse.ScalaPresentationCompiler.mapParamTypeSignature(ScalaPresentationCompiler.scala:36)
	at scala.tools.eclipse.javaelements.ScalaStructureBuilder$StructureBuilderTraverser$DefOwner$$anonfun$16.apply(ScalaStructureBuilder.scala:674)
	at scala.tools.eclipse.javaelements.ScalaStructureBuilder$StructureBuilderTraverser$DefOwner$$anonfun$16.apply(ScalaStructureBuilder.scala:674)
	at scala.collection.TraversableLike$$anonfun$map$1.apply(TraversableLike.scala:244)
	at scala.collection.TraversableLike$$anonfun$map$1.apply(TraversableLike.scala:244)
	at scala.collection.immutable.List.foreach(List.scala:318)
	at scala.collection.TraversableLike$class.map(TraversableLike.scala:244)
	at scala.collection.AbstractTraversable.map(Traversable.scala:105)
	at scala.tools.eclipse.javaelements.ScalaStructureBuilder$StructureBuilderTraverser$DefOwner$class.addDef(ScalaStructureBuilder.scala:674)
	at scala.tools.eclipse.javaelements.ScalaStructureBuilder$StructureBuilderTraverser$Builder.addDef(ScalaStructureBuilder.scala:872)
	at scala.tools.eclipse.javaelements.ScalaStructureBuilder$StructureBuilderTraverser$DefOwner$class.addDef(ScalaStructureBuilder.scala:659)
	at scala.tools.eclipse.javaelements.ScalaStructureBuilder$StructureBuilderTraverser$Builder.addDef(ScalaStructureBuilder.scala:872)
	at scala.tools.eclipse.javaelements.ScalaStructureBuilder$StructureBuilderTraverser$TreeTraverser.traverse(ScalaStructureBuilder.scala:944)
	at scala.tools.eclipse.javaelements.ScalaStructureBuilder$StructureBuilderTraverser$TreeTraverser$$anonfun$traverse$1.apply(ScalaStructureBuilder.scala:951)
	at scala.tools.eclipse.javaelements.ScalaStructureBuilder$StructureBuilderTraverser$TreeTraverser$$anonfun$traverse$1.apply(ScalaStructureBuilder.scala:951)
	at scala.collection.immutable.List.foreach(List.scala:318)
	at scala.tools.eclipse.javaelements.ScalaStructureBuilder$StructureBuilderTraverser$TreeTraverser.traverse(ScalaStructureBuilder.scala:951)
	at scala.tools.eclipse.javaelements.ScalaStructureBuilder$StructureBuilderTraverser$TreeTraverser$$anonfun$traverse$1.apply(ScalaStructureBuilder.scala:951)
	at scala.tools.eclipse.javaelements.ScalaStructureBuilder$StructureBuilderTraverser$TreeTraverser$$anonfun$traverse$1.apply(ScalaStructureBuilder.scala:951)
	at scala.collection.immutable.List.foreach(List.scala:318)
	at scala.tools.eclipse.javaelements.ScalaStructureBuilder$StructureBuilderTraverser$TreeTraverser.traverse(ScalaStructureBuilder.scala:951)
	at scala.tools.eclipse.javaelements.ScalaStructureBuilder$StructureBuilderTraverser$TreeTraverser$$anonfun$traverse$1.apply(ScalaStructureBuilder.scala:951)
	at scala.tools.eclipse.javaelements.ScalaStructureBuilder$StructureBuilderTraverser$TreeTraverser$$anonfun$traverse$1.apply(ScalaStructureBuilder.scala:951)
	at scala.collection.immutable.List.foreach(List.scala:318)
	at scala.tools.eclipse.javaelements.ScalaStructureBuilder$StructureBuilderTraverser$TreeTraverser.traverse(ScalaStructureBuilder.scala:951)
	at scala.tools.eclipse.javaelements.ScalaStructureBuilder$StructureBuilderTraverser.traverse(ScalaStructureBuilder.scala:904)
	at scala.tools.eclipse.javaelements.ScalaCompilationUnit$$anonfun$buildStructure$2$$anonfun$apply$5$$anonfun$apply$1.apply$mcV$sp(ScalaCompilationUnit.scala:89)
	at scala.tools.eclipse.javaelements.ScalaCompilationUnit$$anonfun$buildStructure$2$$anonfun$apply$5$$anonfun$apply$1.apply(ScalaCompilationUnit.scala:88)
	at scala.tools.eclipse.javaelements.ScalaCompilationUnit$$anonfun$buildStructure$2$$anonfun$apply$5$$anonfun$apply$1.apply(ScalaCompilationUnit.scala:88)
	at scala.tools.nsc.util.InterruptReq.execute(InterruptReq.scala:26)
	at scala.tools.nsc.interactive.Global.pollForWork(Global.scala:339)
	at scala.tools.nsc.interactive.PresentationCompilerThread.run(PresentationCompilerThread.scala:22)
2014-02-25 00:27:06,617 ERROR [main] - org.scala-ide.sdt.core - org.scala-ide.sdt.core - org.scala-ide.sdt.core - 0 - Error during askOption
java.lang.AssertionError: assertion failed: Expected exactly one type parameter, found 0 [=> Array[<error>]]
	at scala.Predef$.assert(Predef.scala:179)
	at scala.tools.nsc.Global.assert(Global.scala:239)
	at scala.tools.eclipse.javaelements.ScalaJavaMapper$class.mapType(ScalaJavaMapper.scala:196)
	at scala.tools.eclipse.ScalaPresentationCompiler.mapType(ScalaPresentationCompiler.scala:36)
	at scala.tools.eclipse.javaelements.ScalaStructureBuilder$StructureBuilderTraverser$ValOwner$class.addVal(ScalaStructureBuilder.scala:591)
	at scala.tools.eclipse.javaelements.ScalaStructureBuilder$StructureBuilderTraverser$Builder.addVal(ScalaStructureBuilder.scala:872)
	at scala.tools.eclipse.javaelements.ScalaStructureBuilder$StructureBuilderTraverser$TreeTraverser.traverse(ScalaStructureBuilder.scala:932)
	at scala.tools.eclipse.javaelements.ScalaStructureBuilder$StructureBuilderTraverser$TreeTraverser$$anonfun$traverse$1.apply(ScalaStructureBuilder.scala:951)
	at scala.tools.eclipse.javaelements.ScalaStructureBuilder$StructureBuilderTraverser$TreeTraverser$$anonfun$traverse$1.apply(ScalaStructureBuilder.scala:951)
	at scala.collection.immutable.List.foreach(List.scala:318)
	at scala.tools.eclipse.javaelements.ScalaStructureBuilder$StructureBuilderTraverser$TreeTraverser.traverse(ScalaStructureBuilder.scala:951)
	at scala.tools.eclipse.javaelements.ScalaStructureBuilder$StructureBuilderTraverser$TreeTraverser$$anonfun$traverse$1.apply(ScalaStructureBuilder.scala:951)
	at scala.tools.eclipse.javaelements.ScalaStructureBuilder$StructureBuilderTraverser$TreeTraverser$$anonfun$traverse$1.apply(ScalaStructureBuilder.scala:951)
	at scala.collection.immutable.List.foreach(List.scala:318)
	at scala.tools.eclipse.javaelements.ScalaStructureBuilder$StructureBuilderTraverser$TreeTraverser.traverse(ScalaStructureBuilder.scala:951)
	at scala.tools.eclipse.javaelements.ScalaStructureBuilder$StructureBuilderTraverser$TreeTraverser$$anonfun$traverse$1.apply(ScalaStructureBuilder.scala:951)
	at scala.tools.eclipse.javaelements.ScalaStructureBuilder$StructureBuilderTraverser$TreeTraverser$$anonfun$traverse$1.apply(ScalaStructureBuilder.scala:951)
	at scala.collection.immutable.List.foreach(List.scala:318)
	at scala.tools.eclipse.javaelements.ScalaStructureBuilder$StructureBuilderTraverser$TreeTraverser.traverse(ScalaStructureBuilder.scala:951)
	at scala.tools.eclipse.javaelements.ScalaStructureBuilder$StructureBuilderTraverser.traverse(ScalaStructureBuilder.scala:904)
	at scala.tools.eclipse.javaelements.ScalaCompilationUnit$$anonfun$buildStructure$2$$anonfun$apply$5$$anonfun$apply$1.apply$mcV$sp(ScalaCompilationUnit.scala:89)
	at scala.tools.eclipse.javaelements.ScalaCompilationUnit$$anonfun$buildStructure$2$$anonfun$apply$5$$anonfun$apply$1.apply(ScalaCompilationUnit.scala:88)
	at scala.tools.eclipse.javaelements.ScalaCompilationUnit$$anonfun$buildStructure$2$$anonfun$apply$5$$anonfun$apply$1.apply(ScalaCompilationUnit.scala:88)
	at scala.tools.nsc.util.InterruptReq.execute(InterruptReq.scala:26)
	at scala.tools.nsc.interactive.Global.pollForWork(Global.scala:339)
	at scala.tools.nsc.interactive.PresentationCompilerThread.run(PresentationCompilerThread.scala:22)
2014-02-25 00:28:43,208 ERROR [main] - org.scala-ide.sdt.core - org.scala-ide.sdt.core - org.scala-ide.sdt.core - 0 - Error during askOption
java.lang.AssertionError: assertion failed: Expected exactly one type parameter, found 0 [=> Array[<error>]]
	at scala.Predef$.assert(Predef.scala:179)
	at scala.tools.nsc.Global.assert(Global.scala:239)
	at scala.tools.eclipse.javaelements.ScalaJavaMapper$class.mapType(ScalaJavaMapper.scala:196)
	at scala.tools.eclipse.ScalaPresentationCompiler.mapType(ScalaPresentationCompiler.scala:36)
	at scala.tools.eclipse.javaelements.ScalaStructureBuilder$StructureBuilderTraverser$ValOwner$class.addVal(ScalaStructureBuilder.scala:591)
	at scala.tools.eclipse.javaelements.ScalaStructureBuilder$StructureBuilderTraverser$Builder.addVal(ScalaStructureBuilder.scala:872)
	at scala.tools.eclipse.javaelements.ScalaStructureBuilder$StructureBuilderTraverser$TreeTraverser.traverse(ScalaStructureBuilder.scala:932)
	at scala.tools.eclipse.javaelements.ScalaStructureBuilder$StructureBuilderTraverser$TreeTraverser$$anonfun$traverse$1.apply(ScalaStructureBuilder.scala:951)
	at scala.tools.eclipse.javaelements.ScalaStructureBuilder$StructureBuilderTraverser$TreeTraverser$$anonfun$traverse$1.apply(ScalaStructureBuilder.scala:951)
	at scala.collection.immutable.List.foreach(List.scala:318)
	at scala.tools.eclipse.javaelements.ScalaStructureBuilder$StructureBuilderTraverser$TreeTraverser.traverse(ScalaStructureBuilder.scala:951)
	at scala.tools.eclipse.javaelements.ScalaStructureBuilder$StructureBuilderTraverser$TreeTraverser$$anonfun$traverse$1.apply(ScalaStructureBuilder.scala:951)
	at scala.tools.eclipse.javaelements.ScalaStructureBuilder$StructureBuilderTraverser$TreeTraverser$$anonfun$traverse$1.apply(ScalaStructureBuilder.scala:951)
	at scala.collection.immutable.List.foreach(List.scala:318)
	at scala.tools.eclipse.javaelements.ScalaStructureBuilder$StructureBuilderTraverser$TreeTraverser.traverse(ScalaStructureBuilder.scala:951)
	at scala.tools.eclipse.javaelements.ScalaStructureBuilder$StructureBuilderTraverser$TreeTraverser$$anonfun$traverse$1.apply(ScalaStructureBuilder.scala:951)
	at scala.tools.eclipse.javaelements.ScalaStructureBuilder$StructureBuilderTraverser$TreeTraverser$$anonfun$traverse$1.apply(ScalaStructureBuilder.scala:951)
	at scala.collection.immutable.List.foreach(List.scala:318)
	at scala.tools.eclipse.javaelements.ScalaStructureBuilder$StructureBuilderTraverser$TreeTraverser.traverse(ScalaStructureBuilder.scala:951)
	at scala.tools.eclipse.javaelements.ScalaStructureBuilder$StructureBuilderTraverser.traverse(ScalaStructureBuilder.scala:904)
	at scala.tools.eclipse.javaelements.ScalaCompilationUnit$$anonfun$buildStructure$2$$anonfun$apply$5$$anonfun$apply$1.apply$mcV$sp(ScalaCompilationUnit.scala:89)
	at scala.tools.eclipse.javaelements.ScalaCompilationUnit$$anonfun$buildStructure$2$$anonfun$apply$5$$anonfun$apply$1.apply(ScalaCompilationUnit.scala:88)
	at scala.tools.eclipse.javaelements.ScalaCompilationUnit$$anonfun$buildStructure$2$$anonfun$apply$5$$anonfun$apply$1.apply(ScalaCompilationUnit.scala:88)
	at scala.tools.nsc.util.InterruptReq.execute(InterruptReq.scala:26)
	at scala.tools.nsc.interactive.Global.pollForWork(Global.scala:339)
	at scala.tools.nsc.interactive.PresentationCompilerThread.run(PresentationCompilerThread.scala:22)
2014-03-21 22:33:07,294  WARN [ModalContext] - ImplicitHighlightingPresenter - Timeout while waiting for `askLoadedTyped` during implicit highlighting.
2014-03-21 22:59:20,540 ERROR [main] - org.scala-ide.sdt.core - org.scala-ide.sdt.core - org.scala-ide.sdt.core - 0 - Error during askOption
java.lang.StringIndexOutOfBoundsException: String index out of range: -1
	at java.lang.String.substring(Unknown Source)
	at scala.tools.refactoring.common.PimpedTrees$TreeMethodsForPositions.nameString(PimpedTrees.scala:317)
	at scala.tools.refactoring.common.PimpedTrees$TreeMethodsForPositions.namePosition(PimpedTrees.scala:226)
	at scala.tools.eclipse.semantichighlighting.classifier.SafeSymbol$$anonfun$5.apply(SafeSymbol.scala:109)
	at scala.tools.eclipse.semantichighlighting.classifier.SafeSymbol$$anonfun$5.apply(SafeSymbol.scala:109)
	at scala.tools.nsc.util.InterruptReq.execute(InterruptReq.scala:26)
	at scala.tools.nsc.interactive.Global.pollForWork(Global.scala:339)
	at scala.tools.nsc.interactive.PresentationCompilerThread.run(PresentationCompilerThread.scala:22)
2014-03-29 00:55:18,332 ERROR [Worker-0] - System.err - Error Loading DDMS Preferences
